<?xml version="1.0" encoding="UTF-8"?>
<!-- Generated by org.testng.reporters.JUnitReportReporter -->
<testsuite hostname="LAPTOP-6V5G6Q8J" failures="0" tests="2" name="SourabhMohrir.SeleniumProject.StandaloneTest" time="31.026" errors="0" timestamp="2024-12-31T23:12:42 IST" skipped="0">
  <testcase classname="SourabhMohrir.SeleniumProject.StandaloneTest" name="submitOrderTest" time="11.680"/>
  <testcase classname="SourabhMohrir.SeleniumProject.StandaloneTest" name="submitOrderTest" time="19.346"/>
</testsuite> <!-- SourabhMohrir.SeleniumProject.StandaloneTest -->
